[2020-03-05 15:18:54] app.INFO: Protect vendor folder in module contactform [] []
[2020-03-05 15:18:54] app.INFO: Module contactform has no vendor folder [] []
[2020-03-05 15:18:55] app.INFO: Protect vendor folder in module dashactivity [] []
[2020-03-05 15:18:55] app.INFO: Module dashactivity has no vendor folder [] []
[2020-03-05 15:18:55] app.INFO: Protect vendor folder in module dashtrends [] []
[2020-03-05 15:18:55] app.INFO: Module dashtrends has no vendor folder [] []
[2020-03-05 15:18:56] app.INFO: Protect vendor folder in module dashgoals [] []
[2020-03-05 15:18:56] app.INFO: Module dashgoals has no vendor folder [] []
[2020-03-05 15:18:56] app.INFO: Protect vendor folder in module dashproducts [] []
[2020-03-05 15:18:56] app.INFO: Module dashproducts has no vendor folder [] []
[2020-03-05 15:18:57] app.INFO: Protect vendor folder in module graphnvd3 [] []
[2020-03-05 15:18:57] app.INFO: Module graphnvd3 has no vendor folder [] []
[2020-03-05 15:18:57] app.INFO: Protect vendor folder in module gridhtml [] []
[2020-03-05 15:18:57] app.INFO: Module gridhtml has no vendor folder [] []
[2020-03-05 15:18:57] app.INFO: Protect vendor folder in module gsitemap [] []
[2020-03-05 15:18:57] app.INFO: Module gsitemap has no vendor folder [] []
[2020-03-05 15:18:57] app.INFO: Protect vendor folder in module ps_banner [] []
[2020-03-05 15:18:57] app.INFO: Module ps_banner has no vendor folder [] []
[2020-03-05 15:18:58] app.INFO: Protect vendor folder in module ps_categorytree [] []
[2020-03-05 15:18:58] app.INFO: Module ps_categorytree has no vendor folder [] []
[2020-03-05 15:18:58] app.INFO: Protect vendor folder in module ps_checkpayment [] []
[2020-03-05 15:18:58] app.INFO: Module ps_checkpayment has no vendor folder [] []
[2020-03-05 15:18:58] app.INFO: Protect vendor folder in module ps_contactinfo [] []
[2020-03-05 15:18:58] app.INFO: Module ps_contactinfo has no vendor folder [] []
[2020-03-05 15:18:58] app.INFO: Protect vendor folder in module ps_currencyselector [] []
[2020-03-05 15:18:58] app.INFO: Module ps_currencyselector has no vendor folder [] []
[2020-03-05 15:18:59] app.INFO: Protect vendor folder in module ps_customeraccountlinks [] []
[2020-03-05 15:18:59] app.INFO: Module ps_customeraccountlinks has no vendor folder [] []
[2020-03-05 15:18:59] app.INFO: Protect vendor folder in module ps_customersignin [] []
[2020-03-05 15:18:59] app.INFO: Module ps_customersignin has no vendor folder [] []
[2020-03-05 15:18:59] app.INFO: Protect vendor folder in module ps_customtext [] []
[2020-03-05 15:19:00] app.INFO: Module ps_customtext has no vendor folder [] []
[2020-03-05 15:19:00] app.INFO: Protect vendor folder in module ps_emailsubscription [] []
[2020-03-05 15:19:00] app.INFO: Module ps_emailsubscription has no vendor folder [] []
[2020-03-05 15:19:02] app.INFO: Protect vendor folder in module ps_facetedsearch [] []
[2020-03-05 15:19:02] app.INFO: Module ps_facetedsearch has no vendor folder [] []
[2020-03-05 15:19:03] app.INFO: Protect vendor folder in module ps_faviconnotificationbo [] []
[2020-03-05 15:19:03] app.INFO: Module ps_faviconnotificationbo has no vendor folder [] []
[2020-03-05 15:19:03] app.INFO: Protect vendor folder in module ps_featuredproducts [] []
[2020-03-05 15:19:03] app.INFO: Module ps_featuredproducts has no vendor folder [] []
[2020-03-05 15:19:04] app.INFO: Protect vendor folder in module ps_imageslider [] []
[2020-03-05 15:19:04] app.INFO: Module ps_imageslider has no vendor folder [] []
[2020-03-05 15:19:04] app.INFO: Protect vendor folder in module ps_languageselector [] []
[2020-03-05 15:19:04] app.INFO: Module ps_languageselector has no vendor folder [] []
[2020-03-05 15:19:05] app.INFO: Protect vendor folder in module ps_linklist [] []
[2020-03-05 15:19:05] app.INFO: Module ps_linklist has no vendor folder [] []
[2020-03-05 15:19:05] app.ERROR: Class "AdminLinkWidgetController" not found in controllers/admin [] []
[2020-03-05 15:19:06] app.INFO: Protect vendor folder in module ps_mainmenu [] []
[2020-03-05 15:19:06] app.INFO: Module ps_mainmenu has no vendor folder [] []
[2020-03-05 15:19:06] app.INFO: Protect vendor folder in module ps_searchbar [] []
[2020-03-05 15:19:06] app.INFO: Module ps_searchbar has no vendor folder [] []
[2020-03-05 15:19:06] app.INFO: Protect vendor folder in module ps_sharebuttons [] []
[2020-03-05 15:19:06] app.INFO: Module ps_sharebuttons has no vendor folder [] []
[2020-03-05 15:19:07] app.INFO: Protect vendor folder in module ps_shoppingcart [] []
[2020-03-05 15:19:07] app.INFO: Module ps_shoppingcart has no vendor folder [] []
[2020-03-05 15:19:07] app.INFO: Protect vendor folder in module ps_socialfollow [] []
[2020-03-05 15:19:07] app.INFO: Module ps_socialfollow has no vendor folder [] []
[2020-03-05 15:19:08] app.INFO: Protect vendor folder in module ps_themecusto [] []
[2020-03-05 15:19:08] app.INFO: Module ps_themecusto has no vendor folder [] []
[2020-03-05 15:19:08] app.INFO: Protect vendor folder in module ps_wirepayment [] []
[2020-03-05 15:19:08] app.INFO: Module ps_wirepayment has no vendor folder [] []
[2020-03-05 15:19:09] app.INFO: Protect vendor folder in module pagesnotfound [] []
[2020-03-05 15:19:09] app.INFO: Module pagesnotfound has no vendor folder [] []
[2020-03-05 15:19:09] app.INFO: Protect vendor folder in module sekeywords [] []
[2020-03-05 15:19:09] app.INFO: Module sekeywords has no vendor folder [] []
[2020-03-05 15:19:09] app.INFO: Protect vendor folder in module statsbestcategories [] []
[2020-03-05 15:19:09] app.INFO: Module statsbestcategories has no vendor folder [] []
[2020-03-05 15:19:10] app.INFO: Protect vendor folder in module statsbestcustomers [] []
[2020-03-05 15:19:10] app.INFO: Module statsbestcustomers has no vendor folder [] []
[2020-03-05 15:19:10] app.INFO: Protect vendor folder in module statsbestproducts [] []
[2020-03-05 15:19:10] app.INFO: Module statsbestproducts has no vendor folder [] []
[2020-03-05 15:19:10] app.INFO: Protect vendor folder in module statsbestsuppliers [] []
[2020-03-05 15:19:10] app.INFO: Module statsbestsuppliers has no vendor folder [] []
[2020-03-05 15:19:10] app.INFO: Protect vendor folder in module statsbestvouchers [] []
[2020-03-05 15:19:10] app.INFO: Module statsbestvouchers has no vendor folder [] []
[2020-03-05 15:19:10] app.INFO: Protect vendor folder in module statscarrier [] []
[2020-03-05 15:19:10] app.INFO: Module statscarrier has no vendor folder [] []
[2020-03-05 15:19:11] app.INFO: Protect vendor folder in module statscatalog [] []
[2020-03-05 15:19:11] app.INFO: Module statscatalog has no vendor folder [] []
[2020-03-05 15:19:11] app.INFO: Protect vendor folder in module statscheckup [] []
[2020-03-05 15:19:11] app.INFO: Module statscheckup has no vendor folder [] []
[2020-03-05 15:19:11] app.INFO: Protect vendor folder in module statsdata [] []
[2020-03-05 15:19:11] app.INFO: Module statsdata has no vendor folder [] []
[2020-03-05 15:19:11] app.INFO: Protect vendor folder in module statsequipment [] []
[2020-03-05 15:19:11] app.INFO: Module statsequipment has no vendor folder [] []
[2020-03-05 15:19:11] app.INFO: Protect vendor folder in module statsforecast [] []
[2020-03-05 15:19:11] app.INFO: Module statsforecast has no vendor folder [] []
[2020-03-05 15:19:12] app.INFO: Protect vendor folder in module statslive [] []
[2020-03-05 15:19:12] app.INFO: Module statslive has no vendor folder [] []
[2020-03-05 15:19:12] app.INFO: Protect vendor folder in module statsnewsletter [] []
[2020-03-05 15:19:12] app.INFO: Module statsnewsletter has no vendor folder [] []
[2020-03-05 15:19:12] app.INFO: Protect vendor folder in module statsorigin [] []
[2020-03-05 15:19:12] app.INFO: Module statsorigin has no vendor folder [] []
[2020-03-05 15:19:12] app.INFO: Protect vendor folder in module statspersonalinfos [] []
[2020-03-05 15:19:12] app.INFO: Module statspersonalinfos has no vendor folder [] []
[2020-03-05 15:19:12] app.INFO: Protect vendor folder in module statsproduct [] []
[2020-03-05 15:19:12] app.INFO: Module statsproduct has no vendor folder [] []
[2020-03-05 15:19:13] app.INFO: Protect vendor folder in module statsregistrations [] []
[2020-03-05 15:19:13] app.INFO: Module statsregistrations has no vendor folder [] []
[2020-03-05 15:19:13] app.INFO: Protect vendor folder in module statssales [] []
[2020-03-05 15:19:13] app.INFO: Module statssales has no vendor folder [] []
[2020-03-05 15:19:13] app.INFO: Protect vendor folder in module statssearch [] []
[2020-03-05 15:19:13] app.INFO: Module statssearch has no vendor folder [] []
[2020-03-05 15:19:13] app.INFO: Protect vendor folder in module statsstock [] []
[2020-03-05 15:19:13] app.INFO: Module statsstock has no vendor folder [] []
[2020-03-05 15:19:14] app.INFO: Protect vendor folder in module statsvisits [] []
[2020-03-05 15:19:14] app.INFO: Module statsvisits has no vendor folder [] []
[2020-03-05 15:19:14] app.INFO: Protect vendor folder in module welcome [] []
[2020-03-05 15:19:15] app.INFO: Exporting mail with theme modern for language English (English) [] []
[2020-03-05 15:19:15] app.INFO: Core output folder: /srv/http/presta/mails [] []
[2020-03-05 15:19:15] app.INFO: Modules output folder: /srv/http/presta/modules/ [] []
[2020-03-05 15:19:18] app.INFO: Exporting mail with theme modern for language Français (French) [] []
[2020-03-05 15:19:18] app.INFO: Core output folder: /srv/http/presta/mails [] []
[2020-03-05 15:19:18] app.INFO: Modules output folder: /srv/http/presta/modules/ [] []
[2020-03-05 15:38:25] request.INFO: Matched route "admin_module_manage_action". {"route":"admin_module_manage_action","route_parameters":{"_controller":"PrestaShopBundle\\Controller\\Admin\\Improve\\ModuleController::moduleAction","action":"install","module_name":"dhlexpress","_route":"admin_module_manage_action"},"request_uri":"http://localhost/presta/admin361eb2qdf/index.php/improve/modules/manage/action/install/dhlexpress?_token=ySL2KtLvfxn3IqGhkdqfwcN4o8lrjh-NW0aUN6KCVcw","method":"POST"} []
[2020-03-05 15:38:25] security.DEBUG: Read existing security token from the session. {"key":"_security_main","token_class":"Symfony\\Component\\Security\\Core\\Authentication\\Token\\UsernamePasswordToken"} []
[2020-03-05 15:38:25] security.DEBUG: User was reloaded from a user provider. {"provider":"PrestaShopBundle\\Security\\Admin\\EmployeeProvider","username":"ihavetea@gmail.com"} []
[2020-03-05 15:38:51] app.INFO: Protect vendor folder in module dhlexpress [] []
[2020-03-05 15:38:51] app.INFO: Module dhlexpress has no vendor folder [] []
[2020-03-05 15:38:51] app.ERROR: Class "AdminDhlOrdersController" not found in controllers/admin [] []
[2020-03-05 15:38:51] app.ERROR: Class "AdminDhlLabelController" not found in controllers/admin [] []
[2020-03-05 15:38:51] app.ERROR: Class "AdminDhlBulkLabelController" not found in controllers/admin [] []
[2020-03-05 15:38:51] app.ERROR: Class "AdminDhlPickupController" not found in controllers/admin [] []
[2020-03-05 15:38:51] app.ERROR: Class "AdminDhlManifestController" not found in controllers/admin [] []
[2020-03-05 15:38:51] app.ERROR: Class "AdminDhlCommercialInvoiceController" not found in controllers/admin [] []
[2020-03-05 15:38:51] security.DEBUG: Stored the security token in the session. {"key":"_security_main"} []
[2020-03-05 15:38:28] request.INFO: Matched route "admin_module_manage_action". {"route":"admin_module_manage_action","route_parameters":{"_controller":"PrestaShopBundle\\Controller\\Admin\\Improve\\ModuleController::moduleAction","action":"install","module_name":"ps_crossselling","_route":"admin_module_manage_action"},"request_uri":"http://localhost/presta/admin361eb2qdf/index.php/improve/modules/manage/action/install/ps_crossselling?_token=ySL2KtLvfxn3IqGhkdqfwcN4o8lrjh-NW0aUN6KCVcw","method":"POST"} []
[2020-03-05 15:38:51] security.DEBUG: Read existing security token from the session. {"key":"_security_main","token_class":"Symfony\\Component\\Security\\Core\\Authentication\\Token\\UsernamePasswordToken"} []
[2020-03-05 15:38:51] security.DEBUG: User was reloaded from a user provider. {"provider":"PrestaShopBundle\\Security\\Admin\\EmployeeProvider","username":"ihavetea@gmail.com"} []
[2020-03-05 15:38:51] app.ERROR: Data from PrestaShop Addons is invalid, and cannot fallback on cache.  {"exception":"SSL CA bundle not found: /srv/http/presta/var/cache/prod/cacert.pem"} []
[2020-03-09 11:02:47] request.INFO: Matched route "admin_module_import". {"route":"admin_module_import","route_parameters":{"module_name":null,"_controller":"PrestaShopBundle\\Controller\\Admin\\Improve\\ModuleController::importModuleAction","_route":"admin_module_import"},"request_uri":"http://localhost/presta/admin361eb2qdf/index.php/improve/modules/import?_token=liBNSgbPUA1pLpyVwmRqDowx0xwpLwYkSodiv0QguQ8","method":"POST"} []
[2020-03-09 11:02:47] security.DEBUG: Read existing security token from the session. {"key":"_security_main","token_class":"Symfony\\Component\\Security\\Core\\Authentication\\Token\\UsernamePasswordToken"} []
[2020-03-09 11:02:47] security.DEBUG: User was reloaded from a user provider. {"provider":"PrestaShopBundle\\Security\\Admin\\EmployeeProvider","username":"ihavetea@gmail.com"} []
[2020-03-09 11:02:47] request.CRITICAL: Uncaught PHP Exception Exception: "You are not allowed to disable the module mytestmodule." at /srv/http/presta/src/Core/Addon/Module/ModuleManager.php line 415 {"exception":"[object] (Exception(code: 0): You are not allowed to disable the module mytestmodule. at /srv/http/presta/src/Core/Addon/Module/ModuleManager.php:415)"} []
[2020-03-09 11:02:47] security.DEBUG: Stored the security token in the session. {"key":"_security_main"} []
[2020-03-10 16:04:42] request.INFO: Matched route "admin_module_manage". {"route":"admin_module_manage","route_parameters":{"category":null,"keyword":null,"_controller":"PrestaShopBundle\\Controller\\Admin\\Improve\\ModuleController::manageAction","_legacy_controller":"AdminModulesManage","_legacy_link":["AdminModulesManage","AdminModulesSf"],"_route":"admin_module_manage"},"request_uri":"http://localhost/presta/admin361eb2qdf/index.php/improve/modules/manage?_token=jV2f7RG8tSDDz2DT0eVkRM7b_uTdAzZT3kp3ElExaiY","method":"GET"} []
[2020-03-10 16:04:42] security.DEBUG: Read existing security token from the session. {"key":"_security_main","token_class":"Symfony\\Component\\Security\\Core\\Authentication\\Token\\UsernamePasswordToken"} []
[2020-03-10 16:04:42] security.DEBUG: User was reloaded from a user provider. {"provider":"PrestaShopBundle\\Security\\Admin\\EmployeeProvider","username":"ihavetea@gmail.com"} []
[2020-03-10 16:04:43] request.CRITICAL: Uncaught PHP Exception Symfony\Component\Debug\Exception\ClassNotFoundException: "Attempted to load class "ModuleDemo" from the global namespace. Did you forget a "use" statement?" at /srv/http/presta/modules/moduledemo/moduledemo.php line 6 {"exception":"[object] (Symfony\\Component\\Debug\\Exception\\ClassNotFoundException(code: 0): Attempted to load class \"ModuleDemo\" from the global namespace.\nDid you forget a \"use\" statement? at /srv/http/presta/modules/moduledemo/moduledemo.php:6)"} []
[2020-03-10 16:04:43] security.DEBUG: Stored the security token in the session. {"key":"_security_main"} []
[2020-03-10 16:05:04] request.INFO: Matched route "admin_module_manage". {"route":"admin_module_manage","route_parameters":{"category":null,"keyword":null,"_controller":"PrestaShopBundle\\Controller\\Admin\\Improve\\ModuleController::manageAction","_legacy_controller":"AdminModulesManage","_legacy_link":["AdminModulesManage","AdminModulesSf"],"_route":"admin_module_manage"},"request_uri":"http://localhost/presta/admin361eb2qdf/index.php/improve/modules/manage?_token=jV2f7RG8tSDDz2DT0eVkRM7b_uTdAzZT3kp3ElExaiY","method":"GET"} []
[2020-03-10 16:05:04] security.DEBUG: Read existing security token from the session. {"key":"_security_main","token_class":"Symfony\\Component\\Security\\Core\\Authentication\\Token\\UsernamePasswordToken"} []
[2020-03-10 16:05:04] security.DEBUG: User was reloaded from a user provider. {"provider":"PrestaShopBundle\\Security\\Admin\\EmployeeProvider","username":"ihavetea@gmail.com"} []
[2020-03-10 16:05:05] request.CRITICAL: Uncaught PHP Exception Symfony\Component\Debug\Exception\ClassNotFoundException: "Attempted to load class "ModuleDemo" from the global namespace. Did you forget a "use" statement?" at /srv/http/presta/modules/moduledemo/moduledemo.php line 6 {"exception":"[object] (Symfony\\Component\\Debug\\Exception\\ClassNotFoundException(code: 0): Attempted to load class \"ModuleDemo\" from the global namespace.\nDid you forget a \"use\" statement? at /srv/http/presta/modules/moduledemo/moduledemo.php:6)"} []
[2020-03-10 16:05:05] security.DEBUG: Stored the security token in the session. {"key":"_security_main"} []
[2020-03-10 16:05:38] request.INFO: Matched route "admin_module_manage". {"route":"admin_module_manage","route_parameters":{"category":null,"keyword":null,"_controller":"PrestaShopBundle\\Controller\\Admin\\Improve\\ModuleController::manageAction","_legacy_controller":"AdminModulesManage","_legacy_link":["AdminModulesManage","AdminModulesSf"],"_route":"admin_module_manage"},"request_uri":"http://localhost/presta/admin361eb2qdf/index.php/improve/modules/manage?_token=jV2f7RG8tSDDz2DT0eVkRM7b_uTdAzZT3kp3ElExaiY","method":"GET"} []
[2020-03-10 16:05:38] security.DEBUG: Read existing security token from the session. {"key":"_security_main","token_class":"Symfony\\Component\\Security\\Core\\Authentication\\Token\\UsernamePasswordToken"} []
[2020-03-10 16:05:38] security.DEBUG: User was reloaded from a user provider. {"provider":"PrestaShopBundle\\Security\\Admin\\EmployeeProvider","username":"ihavetea@gmail.com"} []
[2020-03-10 16:05:38] request.CRITICAL: Uncaught PHP Exception Symfony\Component\Debug\Exception\ClassNotFoundException: "Attempted to load class "ModuleDemo" from the global namespace. Did you forget a "use" statement?" at /srv/http/presta/modules/moduledemo/moduledemo.php line 6 {"exception":"[object] (Symfony\\Component\\Debug\\Exception\\ClassNotFoundException(code: 0): Attempted to load class \"ModuleDemo\" from the global namespace.\nDid you forget a \"use\" statement? at /srv/http/presta/modules/moduledemo/moduledemo.php:6)"} []
[2020-03-10 16:05:38] security.DEBUG: Stored the security token in the session. {"key":"_security_main"} []
[2020-03-10 16:42:00] request.CRITICAL: Uncaught PHP Exception Exception: "The locale Modules.Partially.Admin is invalid" at /srv/http/presta/classes/Language.php line 810 {"exception":"[object] (Exception(code: 0): The locale Modules.Partially.Admin is invalid at /srv/http/presta/classes/Language.php:810)"} []
[2020-03-10 16:42:20] request.CRITICAL: Uncaught PHP Exception Exception: "The locale Modules.Partially.Admin is invalid" at /srv/http/presta/classes/Language.php line 810 {"exception":"[object] (Exception(code: 0): The locale Modules.Partially.Admin is invalid at /srv/http/presta/classes/Language.php:810)"} []
[2020-03-10 16:42:31] request.CRITICAL: Uncaught PHP Exception Exception: "The locale Modules.Partially.Admin is invalid" at /srv/http/presta/classes/Language.php line 810 {"exception":"[object] (Exception(code: 0): The locale Modules.Partially.Admin is invalid at /srv/http/presta/classes/Language.php:810)"} []
[2020-03-11 13:14:14] request.CRITICAL: Uncaught PHP Exception Symfony\Component\Debug\Exception\FatalThrowableError: "Parse error: syntax error, unexpected '->' (T_OBJECT_OPERATOR)" at /srv/http/presta/modules/mymodcomments/mymodcomments.php line 49 {"exception":"[object] (Symfony\\Component\\Debug\\Exception\\FatalThrowableError(code: 0): Parse error: syntax error, unexpected '->' (T_OBJECT_OPERATOR) at /srv/http/presta/modules/mymodcomments/mymodcomments.php:49)"} []
[2020-03-11 14:13:35] request.INFO: Matched route "admin_modules_positions". {"route":"admin_modules_positions","route_parameters":{"_controller":"PrestaShopBundle\\Controller\\Admin\\Improve\\Design\\PositionsController::indexAction","_legacy_controller":"AdminModulesPositions","_legacy_link":"AdminModulesPositions","_route":"admin_modules_positions"},"request_uri":"http://localhost/presta/admin361eb2qdf/index.php/improve/design/modules/positions/?_token=0S6L6tKytfcLTRDai34wguSreKhYxaDVp20hObTblpQ&show_modules=73&token=026ea83f04d2bd3507c89e5669021704","method":"GET"} []
[2020-03-11 14:13:35] security.DEBUG: Read existing security token from the session. {"key":"_security_main","token_class":"Symfony\\Component\\Security\\Core\\Authentication\\Token\\UsernamePasswordToken"} []
[2020-03-11 14:13:35] security.DEBUG: User was reloaded from a user provider. {"provider":"PrestaShopBundle\\Security\\Admin\\EmployeeProvider","username":"ihavetea@gmail.com"} []
[2020-03-11 14:13:36] request.CRITICAL: Uncaught PHP Exception Symfony\Component\Debug\Exception\FatalThrowableError: "Parse error: syntax error, unexpected ';'" at /srv/http/presta/modules/moduledemo/moduledemo.php line 26 {"exception":"[object] (Symfony\\Component\\Debug\\Exception\\FatalThrowableError(code: 0): Parse error: syntax error, unexpected ';' at /srv/http/presta/modules/moduledemo/moduledemo.php:26)"} []
[2020-03-11 14:13:36] security.DEBUG: Stored the security token in the session. {"key":"_security_main"} []
[2020-03-11 14:13:42] request.INFO: Matched route "admin_modules_positions". {"route":"admin_modules_positions","route_parameters":{"_controller":"PrestaShopBundle\\Controller\\Admin\\Improve\\Design\\PositionsController::indexAction","_legacy_controller":"AdminModulesPositions","_legacy_link":"AdminModulesPositions","_route":"admin_modules_positions"},"request_uri":"http://localhost/presta/admin361eb2qdf/index.php/improve/design/modules/positions/?_token=0S6L6tKytfcLTRDai34wguSreKhYxaDVp20hObTblpQ&show_modules=73&token=026ea83f04d2bd3507c89e5669021704","method":"GET"} []
[2020-03-11 14:13:42] security.DEBUG: Read existing security token from the session. {"key":"_security_main","token_class":"Symfony\\Component\\Security\\Core\\Authentication\\Token\\UsernamePasswordToken"} []
[2020-03-11 14:13:42] security.DEBUG: User was reloaded from a user provider. {"provider":"PrestaShopBundle\\Security\\Admin\\EmployeeProvider","username":"ihavetea@gmail.com"} []
[2020-03-11 14:13:42] request.CRITICAL: Uncaught PHP Exception Symfony\Component\Debug\Exception\FatalThrowableError: "Parse error: syntax error, unexpected ';'" at /srv/http/presta/modules/moduledemo/moduledemo.php line 26 {"exception":"[object] (Symfony\\Component\\Debug\\Exception\\FatalThrowableError(code: 0): Parse error: syntax error, unexpected ';' at /srv/http/presta/modules/moduledemo/moduledemo.php:26)"} []
[2020-03-11 14:13:42] security.DEBUG: Stored the security token in the session. {"key":"_security_main"} []
[2020-03-11 14:14:31] request.INFO: Matched route "admin_modules_positions". {"route":"admin_modules_positions","route_parameters":{"_controller":"PrestaShopBundle\\Controller\\Admin\\Improve\\Design\\PositionsController::indexAction","_legacy_controller":"AdminModulesPositions","_legacy_link":"AdminModulesPositions","_route":"admin_modules_positions"},"request_uri":"http://localhost/presta/admin361eb2qdf/index.php/improve/design/modules/positions/?_token=0S6L6tKytfcLTRDai34wguSreKhYxaDVp20hObTblpQ&show_modules=73&token=026ea83f04d2bd3507c89e5669021704","method":"GET"} []
[2020-03-11 14:14:31] security.DEBUG: Read existing security token from the session. {"key":"_security_main","token_class":"Symfony\\Component\\Security\\Core\\Authentication\\Token\\UsernamePasswordToken"} []
[2020-03-11 14:14:31] security.DEBUG: User was reloaded from a user provider. {"provider":"PrestaShopBundle\\Security\\Admin\\EmployeeProvider","username":"ihavetea@gmail.com"} []
[2020-03-11 14:14:31] request.CRITICAL: Uncaught PHP Exception Symfony\Component\Debug\Exception\FatalThrowableError: "Parse error: syntax error, unexpected ';'" at /srv/http/presta/modules/moduledemo/moduledemo.php line 26 {"exception":"[object] (Symfony\\Component\\Debug\\Exception\\FatalThrowableError(code: 0): Parse error: syntax error, unexpected ';' at /srv/http/presta/modules/moduledemo/moduledemo.php:26)"} []
[2020-03-11 14:14:31] security.DEBUG: Stored the security token in the session. {"key":"_security_main"} []
[2020-03-11 14:14:42] request.INFO: Matched route "admin_modules_positions". {"route":"admin_modules_positions","route_parameters":{"_controller":"PrestaShopBundle\\Controller\\Admin\\Improve\\Design\\PositionsController::indexAction","_legacy_controller":"AdminModulesPositions","_legacy_link":"AdminModulesPositions","_route":"admin_modules_positions"},"request_uri":"http://localhost/presta/admin361eb2qdf/index.php/improve/design/modules/positions/?_token=0S6L6tKytfcLTRDai34wguSreKhYxaDVp20hObTblpQ&show_modules=73&token=026ea83f04d2bd3507c89e5669021704","method":"GET"} []
[2020-03-11 14:14:42] security.DEBUG: Read existing security token from the session. {"key":"_security_main","token_class":"Symfony\\Component\\Security\\Core\\Authentication\\Token\\UsernamePasswordToken"} []
[2020-03-11 14:14:42] security.DEBUG: User was reloaded from a user provider. {"provider":"PrestaShopBundle\\Security\\Admin\\EmployeeProvider","username":"ihavetea@gmail.com"} []
[2020-03-11 14:14:42] request.CRITICAL: Uncaught PHP Exception Symfony\Component\Debug\Exception\FatalThrowableError: "Parse error: syntax error, unexpected ';'" at /srv/http/presta/modules/moduledemo/moduledemo.php line 26 {"exception":"[object] (Symfony\\Component\\Debug\\Exception\\FatalThrowableError(code: 0): Parse error: syntax error, unexpected ';' at /srv/http/presta/modules/moduledemo/moduledemo.php:26)"} []
[2020-03-11 14:14:42] security.DEBUG: Stored the security token in the session. {"key":"_security_main"} []
[2020-03-11 14:22:27] request.INFO: Matched route "admin_modules_positions". {"route":"admin_modules_positions","route_parameters":{"_controller":"PrestaShopBundle\\Controller\\Admin\\Improve\\Design\\PositionsController::indexAction","_legacy_controller":"AdminModulesPositions","_legacy_link":"AdminModulesPositions","_route":"admin_modules_positions"},"request_uri":"http://localhost/presta/admin361eb2qdf/index.php/improve/design/modules/positions/?_token=0S6L6tKytfcLTRDai34wguSreKhYxaDVp20hObTblpQ&show_modules=73&token=026ea83f04d2bd3507c89e5669021704","method":"GET"} []
[2020-03-11 14:22:27] security.DEBUG: Read existing security token from the session. {"key":"_security_main","token_class":"Symfony\\Component\\Security\\Core\\Authentication\\Token\\UsernamePasswordToken"} []
[2020-03-11 14:22:27] security.DEBUG: User was reloaded from a user provider. {"provider":"PrestaShopBundle\\Security\\Admin\\EmployeeProvider","username":"ihavetea@gmail.com"} []
[2020-03-11 14:22:27] request.CRITICAL: Uncaught PHP Exception Symfony\Component\Debug\Exception\FatalThrowableError: "Parse error: syntax error, unexpected ';'" at /srv/http/presta/modules/moduledemo/moduledemo.php line 26 {"exception":"[object] (Symfony\\Component\\Debug\\Exception\\FatalThrowableError(code: 0): Parse error: syntax error, unexpected ';' at /srv/http/presta/modules/moduledemo/moduledemo.php:26)"} []
[2020-03-11 14:22:27] security.DEBUG: Stored the security token in the session. {"key":"_security_main"} []
[2020-03-11 14:22:36] request.INFO: Matched route "admin_modules_positions". {"route":"admin_modules_positions","route_parameters":{"_controller":"PrestaShopBundle\\Controller\\Admin\\Improve\\Design\\PositionsController::indexAction","_legacy_controller":"AdminModulesPositions","_legacy_link":"AdminModulesPositions","_route":"admin_modules_positions"},"request_uri":"http://localhost/presta/admin361eb2qdf/index.php/improve/design/modules/positions/?_token=0S6L6tKytfcLTRDai34wguSreKhYxaDVp20hObTblpQ&show_modules=73&token=026ea83f04d2bd3507c89e5669021704","method":"GET"} []
[2020-03-11 14:22:36] security.DEBUG: Read existing security token from the session. {"key":"_security_main","token_class":"Symfony\\Component\\Security\\Core\\Authentication\\Token\\UsernamePasswordToken"} []
[2020-03-11 14:22:36] security.DEBUG: User was reloaded from a user provider. {"provider":"PrestaShopBundle\\Security\\Admin\\EmployeeProvider","username":"ihavetea@gmail.com"} []
[2020-03-11 14:22:36] request.CRITICAL: Uncaught PHP Exception Symfony\Component\Debug\Exception\FatalThrowableError: "Parse error: syntax error, unexpected ';'" at /srv/http/presta/modules/moduledemo/moduledemo.php line 26 {"exception":"[object] (Symfony\\Component\\Debug\\Exception\\FatalThrowableError(code: 0): Parse error: syntax error, unexpected ';' at /srv/http/presta/modules/moduledemo/moduledemo.php:26)"} []
[2020-03-11 14:22:36] security.DEBUG: Stored the security token in the session. {"key":"_security_main"} []
[2020-03-11 14:23:06] request.INFO: Matched route "admin_modules_positions". {"route":"admin_modules_positions","route_parameters":{"_controller":"PrestaShopBundle\\Controller\\Admin\\Improve\\Design\\PositionsController::indexAction","_legacy_controller":"AdminModulesPositions","_legacy_link":"AdminModulesPositions","_route":"admin_modules_positions"},"request_uri":"http://localhost/presta/admin361eb2qdf/index.php/improve/design/modules/positions/?_token=0S6L6tKytfcLTRDai34wguSreKhYxaDVp20hObTblpQ&show_modules=73&token=026ea83f04d2bd3507c89e5669021704","method":"GET"} []
[2020-03-11 14:23:06] security.DEBUG: Read existing security token from the session. {"key":"_security_main","token_class":"Symfony\\Component\\Security\\Core\\Authentication\\Token\\UsernamePasswordToken"} []
[2020-03-11 14:23:06] security.DEBUG: User was reloaded from a user provider. {"provider":"PrestaShopBundle\\Security\\Admin\\EmployeeProvider","username":"ihavetea@gmail.com"} []
[2020-03-11 14:23:07] request.CRITICAL: Uncaught PHP Exception Symfony\Component\Debug\Exception\FatalThrowableError: "Parse error: syntax error, unexpected ';'" at /srv/http/presta/modules/moduledemo/moduledemo.php line 26 {"exception":"[object] (Symfony\\Component\\Debug\\Exception\\FatalThrowableError(code: 0): Parse error: syntax error, unexpected ';' at /srv/http/presta/modules/moduledemo/moduledemo.php:26)"} []
[2020-03-11 14:23:07] security.DEBUG: Stored the security token in the session. {"key":"_security_main"} []
[2020-03-11 14:23:13] request.INFO: Matched route "admin_modules_positions". {"route":"admin_modules_positions","route_parameters":{"_controller":"PrestaShopBundle\\Controller\\Admin\\Improve\\Design\\PositionsController::indexAction","_legacy_controller":"AdminModulesPositions","_legacy_link":"AdminModulesPositions","_route":"admin_modules_positions"},"request_uri":"http://localhost/presta/admin361eb2qdf/index.php/improve/design/modules/positions/?_token=0S6L6tKytfcLTRDai34wguSreKhYxaDVp20hObTblpQ&show_modules=73&token=026ea83f04d2bd3507c89e5669021704","method":"GET"} []
[2020-03-11 14:23:13] security.DEBUG: Read existing security token from the session. {"key":"_security_main","token_class":"Symfony\\Component\\Security\\Core\\Authentication\\Token\\UsernamePasswordToken"} []
[2020-03-11 14:23:13] security.DEBUG: User was reloaded from a user provider. {"provider":"PrestaShopBundle\\Security\\Admin\\EmployeeProvider","username":"ihavetea@gmail.com"} []
[2020-03-11 14:23:13] request.CRITICAL: Uncaught PHP Exception Symfony\Component\Debug\Exception\FatalThrowableError: "Parse error: syntax error, unexpected ';'" at /srv/http/presta/modules/moduledemo/moduledemo.php line 26 {"exception":"[object] (Symfony\\Component\\Debug\\Exception\\FatalThrowableError(code: 0): Parse error: syntax error, unexpected ';' at /srv/http/presta/modules/moduledemo/moduledemo.php:26)"} []
[2020-03-11 14:23:13] security.DEBUG: Stored the security token in the session. {"key":"_security_main"} []
[2020-03-11 14:24:31] request.INFO: Matched route "admin_modules_positions". {"route":"admin_modules_positions","route_parameters":{"_controller":"PrestaShopBundle\\Controller\\Admin\\Improve\\Design\\PositionsController::indexAction","_legacy_controller":"AdminModulesPositions","_legacy_link":"AdminModulesPositions","_route":"admin_modules_positions"},"request_uri":"http://localhost/presta/admin361eb2qdf/index.php/improve/design/modules/positions/?_token=0S6L6tKytfcLTRDai34wguSreKhYxaDVp20hObTblpQ&show_modules=73&token=026ea83f04d2bd3507c89e5669021704","method":"GET"} []
[2020-03-11 14:24:31] security.DEBUG: Read existing security token from the session. {"key":"_security_main","token_class":"Symfony\\Component\\Security\\Core\\Authentication\\Token\\UsernamePasswordToken"} []
[2020-03-11 14:24:31] security.DEBUG: User was reloaded from a user provider. {"provider":"PrestaShopBundle\\Security\\Admin\\EmployeeProvider","username":"ihavetea@gmail.com"} []
[2020-03-11 14:24:31] request.CRITICAL: Uncaught PHP Exception Symfony\Component\Debug\Exception\FatalThrowableError: "Parse error: syntax error, unexpected ';'" at /srv/http/presta/modules/moduledemo/moduledemo.php line 26 {"exception":"[object] (Symfony\\Component\\Debug\\Exception\\FatalThrowableError(code: 0): Parse error: syntax error, unexpected ';' at /srv/http/presta/modules/moduledemo/moduledemo.php:26)"} []
[2020-03-11 14:24:31] security.DEBUG: Stored the security token in the session. {"key":"_security_main"} []
[2020-03-11 14:27:11] request.INFO: Matched route "admin_modules_positions". {"route":"admin_modules_positions","route_parameters":{"_controller":"PrestaShopBundle\\Controller\\Admin\\Improve\\Design\\PositionsController::indexAction","_legacy_controller":"AdminModulesPositions","_legacy_link":"AdminModulesPositions","_route":"admin_modules_positions"},"request_uri":"http://localhost/presta/admin361eb2qdf/index.php/improve/design/modules/positions/?_token=0S6L6tKytfcLTRDai34wguSreKhYxaDVp20hObTblpQ&show_modules=73&token=026ea83f04d2bd3507c89e5669021704","method":"GET"} []
[2020-03-11 14:27:11] security.DEBUG: Read existing security token from the session. {"key":"_security_main","token_class":"Symfony\\Component\\Security\\Core\\Authentication\\Token\\UsernamePasswordToken"} []
[2020-03-11 14:27:11] security.DEBUG: User was reloaded from a user provider. {"provider":"PrestaShopBundle\\Security\\Admin\\EmployeeProvider","username":"ihavetea@gmail.com"} []
[2020-03-11 14:27:12] request.CRITICAL: Uncaught PHP Exception Symfony\Component\Debug\Exception\FatalThrowableError: "Parse error: syntax error, unexpected ';'" at /srv/http/presta/modules/moduledemo/moduledemo.php line 26 {"exception":"[object] (Symfony\\Component\\Debug\\Exception\\FatalThrowableError(code: 0): Parse error: syntax error, unexpected ';' at /srv/http/presta/modules/moduledemo/moduledemo.php:26)"} []
[2020-03-11 14:27:12] security.DEBUG: Stored the security token in the session. {"key":"_security_main"} []
[2020-03-11 14:30:08] request.INFO: Matched route "admin_modules_positions". {"route":"admin_modules_positions","route_parameters":{"_controller":"PrestaShopBundle\\Controller\\Admin\\Improve\\Design\\PositionsController::indexAction","_legacy_controller":"AdminModulesPositions","_legacy_link":"AdminModulesPositions","_route":"admin_modules_positions"},"request_uri":"http://localhost/presta/admin361eb2qdf/index.php/improve/design/modules/positions/?_token=0S6L6tKytfcLTRDai34wguSreKhYxaDVp20hObTblpQ&show_modules=67&token=026ea83f04d2bd3507c89e5669021704","method":"GET"} []
[2020-03-11 14:30:08] security.DEBUG: Read existing security token from the session. {"key":"_security_main","token_class":"Symfony\\Component\\Security\\Core\\Authentication\\Token\\UsernamePasswordToken"} []
[2020-03-11 14:30:08] security.DEBUG: User was reloaded from a user provider. {"provider":"PrestaShopBundle\\Security\\Admin\\EmployeeProvider","username":"ihavetea@gmail.com"} []
[2020-03-11 14:30:08] request.CRITICAL: Uncaught PHP Exception Symfony\Component\Debug\Exception\FatalThrowableError: "Parse error: syntax error, unexpected ';'" at /srv/http/presta/modules/moduledemo/moduledemo.php line 26 {"exception":"[object] (Symfony\\Component\\Debug\\Exception\\FatalThrowableError(code: 0): Parse error: syntax error, unexpected ';' at /srv/http/presta/modules/moduledemo/moduledemo.php:26)"} []
[2020-03-11 14:30:08] security.DEBUG: Stored the security token in the session. {"key":"_security_main"} []
[2020-03-11 14:30:37] request.INFO: Matched route "admin_modules_positions". {"route":"admin_modules_positions","route_parameters":{"_controller":"PrestaShopBundle\\Controller\\Admin\\Improve\\Design\\PositionsController::indexAction","_legacy_controller":"AdminModulesPositions","_legacy_link":"AdminModulesPositions","_route":"admin_modules_positions"},"request_uri":"http://localhost/presta/admin361eb2qdf/index.php/improve/design/modules/positions/?_token=0S6L6tKytfcLTRDai34wguSreKhYxaDVp20hObTblpQ&show_modules=67&token=026ea83f04d2bd3507c89e5669021704","method":"GET"} []
[2020-03-11 14:30:37] security.DEBUG: Read existing security token from the session. {"key":"_security_main","token_class":"Symfony\\Component\\Security\\Core\\Authentication\\Token\\UsernamePasswordToken"} []
[2020-03-11 14:30:37] security.DEBUG: User was reloaded from a user provider. {"provider":"PrestaShopBundle\\Security\\Admin\\EmployeeProvider","username":"ihavetea@gmail.com"} []
[2020-03-11 14:30:37] request.CRITICAL: Uncaught PHP Exception Symfony\Component\Debug\Exception\FatalThrowableError: "Parse error: syntax error, unexpected ';'" at /srv/http/presta/modules/moduledemo/moduledemo.php line 26 {"exception":"[object] (Symfony\\Component\\Debug\\Exception\\FatalThrowableError(code: 0): Parse error: syntax error, unexpected ';' at /srv/http/presta/modules/moduledemo/moduledemo.php:26)"} []
[2020-03-11 14:30:37] security.DEBUG: Stored the security token in the session. {"key":"_security_main"} []
[2020-03-11 14:30:48] request.INFO: Matched route "admin_modules_positions". {"route":"admin_modules_positions","route_parameters":{"_controller":"PrestaShopBundle\\Controller\\Admin\\Improve\\Design\\PositionsController::indexAction","_legacy_controller":"AdminModulesPositions","_legacy_link":"AdminModulesPositions","_route":"admin_modules_positions"},"request_uri":"http://localhost/presta/admin361eb2qdf/index.php/improve/design/modules/positions/?_token=0S6L6tKytfcLTRDai34wguSreKhYxaDVp20hObTblpQ&show_modules=67&token=026ea83f04d2bd3507c89e5669021704","method":"GET"} []
[2020-03-11 14:30:48] security.DEBUG: Read existing security token from the session. {"key":"_security_main","token_class":"Symfony\\Component\\Security\\Core\\Authentication\\Token\\UsernamePasswordToken"} []
[2020-03-11 14:30:49] security.DEBUG: User was reloaded from a user provider. {"provider":"PrestaShopBundle\\Security\\Admin\\EmployeeProvider","username":"ihavetea@gmail.com"} []
[2020-03-11 14:30:49] request.CRITICAL: Uncaught PHP Exception Symfony\Component\Debug\Exception\FatalThrowableError: "Parse error: syntax error, unexpected ';'" at /srv/http/presta/modules/moduledemo/moduledemo.php line 26 {"exception":"[object] (Symfony\\Component\\Debug\\Exception\\FatalThrowableError(code: 0): Parse error: syntax error, unexpected ';' at /srv/http/presta/modules/moduledemo/moduledemo.php:26)"} []
[2020-03-11 14:30:49] security.DEBUG: Stored the security token in the session. {"key":"_security_main"} []
[2020-03-11 14:30:54] request.INFO: Matched route "admin_modules_positions". {"route":"admin_modules_positions","route_parameters":{"_controller":"PrestaShopBundle\\Controller\\Admin\\Improve\\Design\\PositionsController::indexAction","_legacy_controller":"AdminModulesPositions","_legacy_link":"AdminModulesPositions","_route":"admin_modules_positions"},"request_uri":"http://localhost/presta/admin361eb2qdf/index.php/improve/design/modules/positions/?_token=0S6L6tKytfcLTRDai34wguSreKhYxaDVp20hObTblpQ&show_modules=67&token=026ea83f04d2bd3507c89e5669021704","method":"GET"} []
[2020-03-11 14:30:54] security.DEBUG: Read existing security token from the session. {"key":"_security_main","token_class":"Symfony\\Component\\Security\\Core\\Authentication\\Token\\UsernamePasswordToken"} []
[2020-03-11 14:30:54] security.DEBUG: User was reloaded from a user provider. {"provider":"PrestaShopBundle\\Security\\Admin\\EmployeeProvider","username":"ihavetea@gmail.com"} []
[2020-03-11 14:30:54] request.CRITICAL: Uncaught PHP Exception Symfony\Component\Debug\Exception\FatalThrowableError: "Parse error: syntax error, unexpected ';'" at /srv/http/presta/modules/moduledemo/moduledemo.php line 26 {"exception":"[object] (Symfony\\Component\\Debug\\Exception\\FatalThrowableError(code: 0): Parse error: syntax error, unexpected ';' at /srv/http/presta/modules/moduledemo/moduledemo.php:26)"} []
[2020-03-11 14:30:54] security.DEBUG: Stored the security token in the session. {"key":"_security_main"} []
[2020-03-11 14:32:04] request.INFO: Matched route "admin_modules_positions". {"route":"admin_modules_positions","route_parameters":{"_controller":"PrestaShopBundle\\Controller\\Admin\\Improve\\Design\\PositionsController::indexAction","_legacy_controller":"AdminModulesPositions","_legacy_link":"AdminModulesPositions","_route":"admin_modules_positions"},"request_uri":"http://localhost/presta/admin361eb2qdf/index.php/improve/design/modules/positions/?_token=0S6L6tKytfcLTRDai34wguSreKhYxaDVp20hObTblpQ&show_modules=67&token=026ea83f04d2bd3507c89e5669021704","method":"GET"} []
[2020-03-11 14:32:04] security.DEBUG: Read existing security token from the session. {"key":"_security_main","token_class":"Symfony\\Component\\Security\\Core\\Authentication\\Token\\UsernamePasswordToken"} []
[2020-03-11 14:32:04] security.DEBUG: User was reloaded from a user provider. {"provider":"PrestaShopBundle\\Security\\Admin\\EmployeeProvider","username":"ihavetea@gmail.com"} []
[2020-03-11 14:32:04] request.CRITICAL: Uncaught PHP Exception Symfony\Component\Debug\Exception\FatalThrowableError: "Parse error: syntax error, unexpected ';'" at /srv/http/presta/modules/moduledemo/moduledemo.php line 26 {"exception":"[object] (Symfony\\Component\\Debug\\Exception\\FatalThrowableError(code: 0): Parse error: syntax error, unexpected ';' at /srv/http/presta/modules/moduledemo/moduledemo.php:26)"} []
[2020-03-11 14:32:04] security.DEBUG: Stored the security token in the session. {"key":"_security_main"} []
[2020-03-11 14:32:33] request.INFO: Matched route "admin_modules_positions". {"route":"admin_modules_positions","route_parameters":{"_controller":"PrestaShopBundle\\Controller\\Admin\\Improve\\Design\\PositionsController::indexAction","_legacy_controller":"AdminModulesPositions","_legacy_link":"AdminModulesPositions","_route":"admin_modules_positions"},"request_uri":"http://localhost/presta/admin361eb2qdf/index.php/improve/design/modules/positions/?_token=0S6L6tKytfcLTRDai34wguSreKhYxaDVp20hObTblpQ&show_modules=67&token=026ea83f04d2bd3507c89e5669021704","method":"GET"} []
[2020-03-11 14:32:33] security.DEBUG: Read existing security token from the session. {"key":"_security_main","token_class":"Symfony\\Component\\Security\\Core\\Authentication\\Token\\UsernamePasswordToken"} []
[2020-03-11 14:32:33] security.DEBUG: User was reloaded from a user provider. {"provider":"PrestaShopBundle\\Security\\Admin\\EmployeeProvider","username":"ihavetea@gmail.com"} []
[2020-03-11 14:32:33] request.CRITICAL: Uncaught PHP Exception Symfony\Component\Debug\Exception\FatalThrowableError: "Parse error: syntax error, unexpected ';'" at /srv/http/presta/modules/moduledemo/moduledemo.php line 26 {"exception":"[object] (Symfony\\Component\\Debug\\Exception\\FatalThrowableError(code: 0): Parse error: syntax error, unexpected ';' at /srv/http/presta/modules/moduledemo/moduledemo.php:26)"} []
[2020-03-11 14:32:34] security.DEBUG: Stored the security token in the session. {"key":"_security_main"} []
